[debug] [2023-12-21T19:07:18.861Z] ----------------------------------------------------------------------
[debug] [2023-12-21T19:07:18.890Z] Command:       C:\Program Files\nodejs\node.exe C:\Users\oldsc\AppData\Roaming\npm\node_modules\firebase-tools\lib\bin\firebase.js init
[debug] [2023-12-21T19:07:18.891Z] CLI Version:   13.0.2
[debug] [2023-12-21T19:07:18.891Z] Platform:      win32
[debug] [2023-12-21T19:07:18.892Z] Node Version:  v20.10.0
[debug] [2023-12-21T19:07:18.892Z] Time:          Thu Dec 21 2023 21:07:18 GMT+0200 (Eastern European Standard Time)
[debug] [2023-12-21T19:07:18.893Z] ----------------------------------------------------------------------
[debug] 
[debug] [2023-12-21T19:07:19.166Z] > command requires scopes: ["email","openid","https://www.googleapis.com/auth/cloudplatformprojects.readonly","https://www.googleapis.com/auth/firebase","https://www.googleapis.com/auth/cloud-platform"]
[debug] [2023-12-21T19:07:19.170Z] > authorizing via signed-in user (oldschoolerz1@gmail.com)
[info] 
     ######## #### ########  ######## ########     ###     ######  ########
     ##        ##  ##     ## ##       ##     ##  ##   ##  ##       ##
     ######    ##  ########  ######   ########  #########  ######  ######
     ##        ##  ##    ##  ##       ##     ## ##     ##       ## ##
     ##       #### ##     ## ######## ########  ##     ##  ######  ########

You're about to initialize a Firebase project in this directory:

  C:\Users\oldsc\OneDrive\Υπολογιστής\EAM\Project 3\EAM---project-3

Before we get started, keep in mind:

  * You are initializing within an existing Firebase project directory

[debug] [2023-12-21T19:07:48.818Z] Error: Timed out.
    at Timeout._onTimeout (C:\Users\oldsc\AppData\Roaming\npm\node_modules\firebase-tools\lib\utils.js:258:49)
    at listOnTimeout (node:internal/timers:573:17)
    at process.processTimers (node:internal/timers:514:7)
[error] 
[error] Error: An unexpected error has occurred.
